Total jobs: 40 | parallel=6
[start] 50_md_trial1 at 00:52:38
[start] 50_md_trial3 at 00:52:38
[start] 50_md_trial2 at 00:52:38
[start] 50_md_trial4 at 00:52:38
[start] 50_md_trial5 at 00:52:38
[start] 50_html_trial1 at 00:52:38
[done]  50_md_trial3 30s 89行
[start] 50_html_trial2 at 00:53:08
[done]  50_md_trial1 30s 121行
[start] 50_html_trial3 at 00:53:08
[done]  50_md_trial5 30s 115行
[start] 50_html_trial4 at 00:53:08
[done]  50_md_trial4 30s 79行
[start] 50_html_trial5 at 00:53:08
[done]  50_md_trial2 34s 91行
[start] 100_md_trial1 at 00:53:12
[done]  50_html_trial1 53s 153行
[start] 100_md_trial2 at 00:53:31
[done]  50_html_trial4 38s 118行
[start] 100_md_trial3 at 00:53:46
[done]  50_html_trial2 39s 106行
[start] 100_md_trial4 at 00:53:47
[done]  100_md_trial1 43s 142行
[start] 100_md_trial5 at 00:53:55
[done]  50_html_trial3 52s 138行
[start] 100_html_trial1 at 00:54:00
[done]  50_html_trial5 61s 161行
[start] 100_html_trial2 at 00:54:09
[done]  100_md_trial2 39s 119行
[start] 100_html_trial3 at 00:54:10
[done]  100_md_trial4 38s 118行
[start] 100_html_trial4 at 00:54:25
[done]  100_md_trial3 40s 129行
[start] 100_html_trial5 at 00:54:26
[done]  100_md_trial5 42s 110行
[start] 250_md_trial1 at 00:54:37
[done]  100_html_trial2 69s 193行
[start] 250_md_trial2 at 00:55:18
[done]  100_html_trial3 73s 210行
[start] 250_md_trial3 at 00:55:23
[done]  100_html_trial4 64s 181行
[start] 250_md_trial4 at 00:55:29
[done]  100_html_trial1 90s 179行
[start] 250_md_trial5 at 00:55:31
[done]  100_html_trial5 83s 262行
[start] 250_html_trial1 at 00:55:49
[done]  250_md_trial1 94s 226行
[start] 250_html_trial2 at 00:56:11
[done]  250_md_trial2 88s 218行
[start] 250_html_trial3 at 00:56:46
[done]  250_md_trial3 87s 226行
[start] 250_html_trial4 at 00:56:50
[done]  250_md_trial4 89s 262行
[start] 250_html_trial5 at 00:56:58
[done]  250_md_trial5 101s 271行
[start] 500_md_trial1 at 00:57:12
[done]  250_html_trial1 112s 286行
[start] 500_md_trial2 at 00:57:41
[done]  250_html_trial2 115s 310行
[start] 500_md_trial3 at 00:58:06
[done]  250_html_trial3 103s 226行
[start] 500_md_trial4 at 00:58:29
[done]  250_html_trial5 108s 285行
[start] 500_md_trial5 at 00:58:46
[done]  250_html_trial4 124s 328行
[start] 500_html_trial1 at 00:58:54
[done]  500_md_trial1 210s 475行
[start] 500_html_trial2 at 01:00:42
[done]  500_md_trial2 207s 436行
[start] 500_html_trial3 at 01:01:08
[done]  500_md_trial3 209s 415行
[start] 500_html_trial4 at 01:01:35
[done]  500_md_trial4 220s 477行
[start] 500_html_trial5 at 01:02:09
[done]  500_md_trial5 210s 433行
[done]  500_html_trial1 220s 478行
[done]  500_html_trial3 215s 469行
[done]  500_html_trial2 249s 476行
[done]  500_html_trial5 205s 458行
[done]  500_html_trial4 637s 474行
All done.
